
==============
20241227150825
==============
untracked file, adding: .zettel-notes/patches/34/04b32995-ecdf-4e20-9403-ce36d160cb4f.diff
untracked file, adding: .zettel-notes/patches/34/9e984d6f-89f9-4310-9b97-9945348d0e60.diff
untracked file, adding: .zettel-notes/patches/34/4770eb99-2560-4d76-b7bb-fcfdcd444449.diff
untracked file, adding: .zettel-notes/patches/34/767368ef-f1eb-4b5b-91c4-b77a20ccdec7.diff
untracked file, adding: .zettel-notes/patches/34/249a17f4-1e20-41b2-a831-fa6d78761937.diff
untracked file, adding: .zettel-notes/patches/34/cfb4f1b0-7109-463b-90bf-7560ff9b92ab.diff


==============
20241227170026
==============
untracked file, adding: .zettel-notes/logs/sync/2024-12-27.log
untracked file, adding: .zettel-notes/patches/34/854d41cd-f951-4a26-94dd-f12231fdb180.diff
untracked file, adding: .zettel-notes/patches/34/7f9be841-5384-4a6a-8dc6-943f9aafd438.diff
untracked file, adding: .zettel-notes/patches/34/b2e8647a-800c-4bc1-818e-ce08ed6c0058.diff
untracked file, adding: .zettel-notes/patches/34/c5f64be5-49d5-4a46-bdad-6c62abbeb593.diff
untracked file, adding: .zettel-notes/patches/34/7503ff23-fbcb-424d-9cca-35373a56b129.diff
untracked file, adding: .zettel-notes/patches/34/94e05d90-b60a-44fe-a2dc-46c12b4095a9.diff


==============
20241227201151
==============
untracked file, adding: .zettel-notes/patches/34/e0a99e7b-3fad-437a-905b-55972d394af5.diff

