
==============
20241230134740
==============
untracked file, adding: coverLetter_zaquinaula_EpicGames.md


==============
20241230145038
==============
untracked file, adding: .zettel-notes/patches/36/53e34377-67f7-43fa-b367-536373bdd90f.diff
untracked file, adding: .zettel-notes/patches/36/ad2f51ce-4cf6-4920-989c-1caaa29b5810.diff
untracked file, adding: .zettel-notes/patches/36/86a6bb49-e222-4037-aea6-ef58c3c85c55.diff
untracked file, adding: .zettel-notes/patches/36/41ba4842-b932-49ee-9029-5763d53a2c0b.diff
untracked file, adding: .zettel-notes/logs/sync/2024-12-30.log
untracked file, adding: .zettel-notes/patches/36/51bafd4b-e7b6-4a51-8218-41b8e3111eb4.diff
untracked file, adding: .zettel-notes/patches/36/53e3260f-6f30-4df9-89da-bbdc27dc457e.diff
untracked file, adding: .zettel-notes/patches/36/4508943a-4182-49db-9f21-efff317f111f.diff
untracked file, adding: .zettel-notes/patches/36/695219b9-59d9-4424-8e78-9da57ffa880c.diff


==============
20241230170035
==============
untracked file, adding: .zettel-notes/patches/36/71ae3854-81ed-4e9e-9691-410275344321.diff
untracked file, adding: .zettel-notes/patches/36/9c8766f9-838f-4733-bb7f-00255d56a393.diff
untracked file, adding: .zettel-notes/patches/36/51e05b77-5c8d-4cab-826a-020560273168.diff
untracked file, adding: .zettel-notes/patches/36/307e5e0b-f23d-4b19-b344-da6f8e6ffbc1.diff
untracked file, adding: .zettel-notes/patches/36/f9f2a079-4811-4704-8d27-42e7f6f0b87b.diff
untracked file, adding: .zettel-notes/patches/36/884e7567-03a2-4955-82ec-1767e6091059.diff
untracked file, adding: .zettel-notes/patches/36/4d1cc0ad-5b79-4114-9a29-9dcbb87d0d92.diff


==============
20241230183313
==============
untracked file, adding: .zettel-notes/patches/36/944b1e30-8786-4168-8a29-72482d49055d.diff
untracked file, adding: .zettel-notes/patches/36/51941836-7616-4183-b4f4-436e1360ea1b.diff
untracked file, adding: .zettel-notes/patches/36/8b045a79-a1bc-44ee-888f-7eaf89f28c4d.diff


==============
20241230193337
==============
untracked file, adding: .zettel-notes/patches/36/217bf0b1-57e5-40de-9f32-5fafaf8236f5.diff
untracked file, adding: .zettel-notes/patches/36/866efc3f-798b-4520-b8d8-e31aa46c6a9a.diff
untracked file, adding: .zettel-notes/patches/36/7d5f8c40-ed81-4b21-a0cf-4295c548e1d5.diff
untracked file, adding: .zettel-notes/patches/36/2edc1355-76d6-4d23-8d1d-1c1df2e751b6.diff
untracked file, adding: .zettel-notes/patches/36/d028fe92-c0db-4b13-b215-5ad32c945977.diff
untracked file, adding: .zettel-notes/patches/36/1b826a16-9f13-4826-947a-20a1192c1b99.diff
untracked file, adding: .zettel-notes/patches/36/5881b1b7-42f2-4b85-9712-70e76a98cb5e.diff
untracked file, adding: .zettel-notes/patches/36/7eeca4e2-7790-4876-9d03-5de859459a00.diff
untracked file, adding: .zettel-notes/patches/36/88d2e58b-f945-49cc-a06a-2e994c65ce5d.diff
untracked file, adding: .zettel-notes/patches/36/f9cae4d3-46f7-4e9e-9957-0ea6f2251cd1.diff
untracked file, adding: .zettel-notes/patches/36/8911abed-b5b6-410b-932f-0e933e222a16.diff
untracked file, adding: .zettel-notes/patches/36/66d28a93-1eb4-482b-bcca-dd9f5dae7986.diff
untracked file, adding: .zettel-notes/patches/36/d642ef33-71e7-455b-9068-7ea0b08d185d.diff
untracked file, adding: .zettel-notes/patches/36/489266ee-8432-406d-a8f3-115a07699d8b.diff
untracked file, adding: .zettel-notes/patches/36/6002a3c8-5766-47f4-8371-3f6e4d2efd35.diff
untracked file, adding: .zettel-notes/patches/36/e3ad16c3-7a99-4723-bcb4-13374510233b.diff


==============
20241230205652
==============
untracked file, adding: .zettel-notes/patches/36/e6ad4058-d9f0-41ae-bcbd-5b11be938d86.diff
untracked file, adding: coverLetter_rare.md
untracked file, adding: .zettel-notes/patches/36/d4b64d2b-d390-49a3-90d2-718d4b778506.diff
untracked file, adding: .zettel-notes/patches/37/aeb8b087-af47-48b1-b774-85892cfffd1f.diff
untracked file, adding: .zettel-notes/patches/37/89325551-7f0b-406a-b2e1-980521998fbf.diff
untracked file, adding: .zettel-notes/patches/36/59e6f37b-a3a3-4d65-b61e-5429fe4724ea.diff
untracked file, adding: .zettel-notes/patches/36/a72ad5e5-ab58-4284-869f-fd70d3dce41d.diff
untracked file, adding: .zettel-notes/patches/36/82aabceb-b51f-46d5-9eab-ba12d1c6e2f1.diff
untracked file, adding: .zettel-notes/patches/36/e1235b14-8546-4677-9010-be6be00d9221.diff
untracked file, adding: .zettel-notes/patches/37/41f1c71d-6bba-4dc9-954e-30c3126cc886.diff
untracked file, adding: .zettel-notes/patches/36/8c84ba1a-b1ce-4696-8975-021cce0ec604.diff
untracked file, adding: .zettel-notes/patches/36/7742a8dd-ad2e-423f-974a-cfa3ebb8686d.diff
untracked file, adding: .zettel-notes/patches/36/a8aa4262-ecbc-4faa-9185-695f8f1f350a.diff

