
==============
20241220184518
==============
untracked file, adding: .zettel-notes/logs/sync/2024-04-05.log
untracked file, adding: .zettel-notes/patches/16/9a23d56b-09aa-4d03-87f6-6fd38758a396.diff
untracked file, adding: .zettel-notes/patches/16/59c304d0-2d95-44a2-bd81-e20287f5df82.diff
untracked file, adding: .zettel-notes/logs/sync/2024-03-23.log
untracked file, adding: .zettel-notes/patches/6/edce731a-f964-432b-a6bb-1b7ba11f1b8d.diff
untracked file, adding: .zettel-notes/patches/16/252a43c1-3c54-4490-ab77-a3a11b28ef0a.diff
untracked file, adding: .zettel-notes/patches/13/86c572ff-bcac-408e-8f54-18b6b9a4c723.diff
untracked file, adding: .zettel-notes/patches/16/62998905-300a-4aa0-9894-fbe2b3a9f659.diff
untracked file, adding: .zettel-notes/patches/6/01ce16ce-f4d0-423c-893c-48293d7d62d7.diff
untracked file, adding: .zettel-notes/patches/6/f062a6d5-ee80-4f1e-a480-344149491bd7.diff
untracked file, adding: .zettel-notes/patches/16/522cae7b-48db-4b14-b04b-994ae28808c2.diff
untracked file, adding: .zettel-notes/patches/16/b1ff0d5f-78be-482f-b8eb-12e70e46f03c.diff
untracked file, adding: .zettel-notes/logs/sync/2024-07-15.log
untracked file, adding: .zettel-notes/patches/10/1ec255ae-b2a8-47f7-b653-9fd002572c91.diff
untracked file, adding: .zettel-notes/patches/16/d0908bbb-cba0-48c3-956a-f32745332be3.diff
untracked file, adding: .zettel-notes/patches/31/218c1c27-5d41-4ceb-8224-a747422aaf60.diff
untracked file, adding: .zettel-notes/patches/30/42caf5a3-9246-43d5-9bc6-bacd8f37f0d9.diff
untracked file, adding: .zettel-notes/patches/31/17c2eeef-cc55-4ce4-8ad9-709f7db7edd2.diff
untracked file, adding: .zettel-notes/patches/31/ac9ecd0a-c6a6-49d9-b264-307f89414990.diff
untracked file, adding: .zettel-notes/patches/16/49a616e6-0a7d-4aa2-aee6-c204688e5d93.diff
untracked file, adding: .zettel-notes/patches/16/aa9c90cf-91f2-4bfa-9481-0bb64fa1435a.diff
untracked file, adding: .zettel-notes/patches/10/867717b4-abff-4598-8651-e97f619adb1c.diff
untracked file, adding: .zettel-notes/patches/6/9db9f849-dc86-4994-9361-29c9b7e76fe8.diff
untracked file, adding: .zettel-notes/patches/16/6f6efe21-8dbf-4004-951a-f35e48cafb60.diff
untracked file, adding: .zettel-notes/patches/17/2fb0f574-cfd4-466a-8d2b-70d083d2a5ba.diff
untracked file, adding: .zettel-notes/patches/6/07007e7a-3d29-4c8b-94f5-28b52d888ccd.diff
untracked file, adding: .zettel-notes/recycle-bin/.info/20240715082632.md.trashinfo
untracked file, adding: .zettel-notes/patches/16/17180033-31b5-4626-b51e-b975a4405a88.diff
untracked file, adding: .zettel-notes/patches/16/78e20195-79fe-4fb6-9406-cbc551fdfb4f.diff
untracked file, adding: .zettel-notes/patches/13/20ce67cf-8ea7-40c0-adea-031f2fe8adc3.diff
untracked file, adding: .zettel-notes/patches/13/c43e6d7f-1be7-45e8-acd4-51770d6106d9.diff
untracked file, adding: .zettel-notes/patches/16/4d61bb80-ef5d-48bc-9786-0f6273686120.diff
untracked file, adding: .zettel-notes/patches/10/028b7fd0-3ca5-49c9-bd69-c9e01f1546ae.diff
untracked file, adding: .zettel-notes/patches/30/21672c79-37ea-4629-9812-b24b5ba1dc35.diff
untracked file, adding: .zettel-notes/patches/22/9fb637b0-26da-4277-bb9e-0cff9e741fe8.diff
untracked file, adding: .zettel-notes/logs/sync/2024-03-17.log
untracked file, adding: .zettel-notes/patches/31/00b5d7f6-189d-4b23-8276-f506d9a05f03.diff
untracked file, adding: .zettel-notes/patches/16/b20781b2-9158-4cd1-bb7c-79733dbe4f0a.diff
untracked file, adding: .zettel-notes/patches/16/7531557a-8ccb-4e76-8a41-04e5358b39b3.diff
untracked file, adding: .zettel-notes/patches/17/ed936d1f-68e7-4906-8d56-0449a4a723ca.diff
untracked file, adding: .zettel-notes/patches/13/53a3be6b-e344-4b0d-a1d4-b9fbcd31ab31.diff
untracked file, adding: .zettel-notes/patches/6/27f67ac9-60cd-49d5-ae8f-6880a7ba230d.diff
untracked file, adding: .zettel-notes/patches/6/4acd45b3-7ab3-404d-87bd-bd54e5340a2a.diff
untracked file, adding: .zettel-notes/patches/31/afcb997e-ce33-46db-8471-279fb8bbed91.diff
untracked file, adding: .zettel-notes/patches/30/834e38f4-2605-4451-8664-0ed87d1e25e3.diff
untracked file, adding: .zettel-notes/patches/18/91668f57-eeb7-40eb-b6a3-4558bd52bec8.diff
untracked file, adding: .zettel-notes/patches/6/42270a6a-55d7-4d43-9669-413e89e0c8d5.diff
untracked file, adding: .zettel-notes/patches/16/60fd9f0e-9b20-4ae5-af0c-52b428a99de9.diff
untracked file, adding: .zettel-notes/patches/6/08d60d1b-748b-4e8f-ab33-f014352b2191.diff
untracked file, adding: .zettel-notes/patches/15/0e947153-088d-4c13-b678-2e1c6a7634ab.diff
untracked file, adding: .zettel-notes/patches/16/ced7a008-c8db-45d5-adda-687997d0ed5f.diff
untracked file, adding: .zettel-notes/patches/13/fd4b3aca-c397-4535-8dbd-bf5cb66a414f.diff
untracked file, adding: .zettel-notes/patches/13/3e366733-d5d1-46df-806a-e67da21cd69a.diff
untracked file, adding: .zettel-notes/patches/16/ecd1ac21-5c20-4677-be17-5fb7e2de0651.diff
untracked file, adding: .zettel-notes/patches/31/706d2d4f-9a1c-4ed4-bc6f-3f85ec9788a4.diff
untracked file, adding: .zettel-notes/patches/16/056493cc-47be-433c-81e5-fba318d8603f.diff
untracked file, adding: .zettel-notes/patches/6/5aa308a3-417b-446e-b28b-858785bdb423.diff
untracked file, adding: .zettel-notes/patches/6/b484c3ca-7070-4c7e-a9d0-eb5576e7141c.diff
untracked file, adding: .zettel-notes/patches/6/af98e2c9-8dd5-4605-a820-3b24654e7634.diff
untracked file, adding: .zettel-notes/recycle-bin/.info/Primera parte_1_1.md.trashinfo
untracked file, adding: .zettel-notes/patches/22/cbb538d7-2f1b-40c0-910d-b17ec322f265.diff
untracked file, adding: .zettel-notes/patches/6/76c271d0-240b-4e73-9cc1-d42f5f099180.diff
untracked file, adding: .zettel-notes/patches/16/05159bab-857b-4a89-804f-29fc27be998d.diff
untracked file, adding: .zettel-notes/patches/15/91d17aa0-d671-436a-9685-a0875528d72b.diff
untracked file, adding: .zettel-notes/patches/10/3f1ae6d5-c60a-4856-b4d6-151fce5b422e.diff
untracked file, adding: .zettel-notes/patches/14/0e9c1eb3-33b0-4125-891c-6fa6b890b9e0.diff
untracked file, adding: .zettel-notes/config.toml
untracked file, adding: .zettel-notes/patches/16/5da6e697-9103-4486-80c8-e19a985c341d.diff
untracked file, adding: .zettel-notes/patches/16/4ab9d5d6-58a0-40a9-8c7d-c361900ebe26.diff
untracked file, adding: .zettel-notes/patches/6/91e27c7d-8ee9-4f73-b714-7b90f435d965.diff
untracked file, adding: .zettel-notes/patches/31/b10f3507-79a5-4db9-9a23-acc4d023177a.diff
untracked file, adding: .zettel-notes/patches/17/2b497dc4-6d0b-4b5b-ac42-c5041739e4c4.diff
untracked file, adding: .zettel-notes/patches/16/14aa01e8-3592-435c-a03f-669de347b87b.diff
untracked file, adding: .zettel-notes/patches/16/00eaa1f9-a25e-4189-80dd-c16019e1ffa4.diff
untracked file, adding: .zettel-notes/patches/16/ee1d17a5-11f5-4f35-9494-53417473112c.diff
untracked file, adding: .zettel-notes/patches/17/5f543bcd-6884-4968-a6b7-b09f013e0a87.diff
untracked file, adding: .zettel-notes/patches/6/f0ab98f5-b8bd-491c-a306-1bcefe7756cf.diff
untracked file, adding: .zettel-notes/patches/16/4d787175-571a-424b-9d17-054c8dfba75d.diff
untracked file, adding: .zettel-notes/patches/17/22ce99a4-b0d1-408b-8575-c0da6641adf3.diff
untracked file, adding: .zettel-notes/logs/sync/2024-12-13.log
untracked file, adding: .zettel-notes/patches/16/0e3f277e-58f3-4301-b137-67483147b666.diff
untracked file, adding: .zettel-notes/patches/6/659e0ed5-77cd-4439-8bee-14fa2f263ed2.diff
untracked file, adding: .zettel-notes/patches/16/f84bb748-ddd1-4769-8d5f-32e9ae9a5eaa.diff
untracked file, adding: .zettel-notes/patches/6/76856769-fd80-4a5b-8c89-bb340ddd1929.diff
untracked file, adding: .zettel-notes/patches/16/a2b9df37-638d-49ee-882c-6bd152ff2e6c.diff
untracked file, adding: .zettel-notes/patches/13/c62a86fb-98e0-4872-9af7-24543578feec.diff
untracked file, adding: .zettel-notes/patches/6/3c285e76-9042-4e37-9633-f9c4d9b38cd1.diff
untracked file, adding: .zettel-notes/patches/16/0d292e70-eec2-4329-a152-af4a2575835f.diff
untracked file, adding: .zettel-notes/patches/17/497c9bc8-307f-4214-9239-01f34e028925.diff
untracked file, adding: .zettel-notes/patches/16/2f350019-c358-442a-bf11-6bc7c0ed0471.diff
untracked file, adding: .zettel-notes/patches/16/5f306d3a-8b49-4d39-b573-0b4274282cca.diff
untracked file, adding: .zettel-notes/patches/16/9e625457-c6b2-477a-904c-d1571e2468af.diff
untracked file, adding: .zettel-notes/patches/31/c6078a67-c8f0-418b-8c7e-66fa96fb4998.diff
untracked file, adding: .zettel-notes/patches/16/b9ffa89d-33b7-4b9d-9078-d8731bedeeaa.diff
untracked file, adding: .zettel-notes/patches/6/59fb835d-1030-47b7-968d-d722f22133c6.diff
untracked file, adding: .zettel-notes/patches/6/5211071a-f430-4fb7-93e2-29509a27dc1b.diff
untracked file, adding: .zettel-notes/patches/6/85020eb9-0cb2-498a-b1d7-2cba8c15645d.diff
untracked file, adding: .zettel-notes/patches/16/44814385-4ef8-40ca-976b-9d6e1c44865f.diff
untracked file, adding: .zettel-notes/patches/6/3a3885c6-3523-4254-87b8-ab43c823c00d.diff
untracked file, adding: .zettel-notes/patches/16/5cb04044-6477-42bc-8d36-f1a96c824479.diff
untracked file, adding: .zettel-notes/patches/30/e71788e1-9623-42de-8976-249aa75b197d.diff
untracked file, adding: .zettel-notes/patches/30/1884f565-08a0-4a71-b394-dcfcdb94a539.diff
untracked file, adding: .zettel-notes/patches/6/6d7802fe-37a5-474e-9584-cbce194456e0.diff
untracked file, adding: .zettel-notes/patches/6/4cbab5a2-04c7-4335-b5a1-6fc7a58301d8.diff
untracked file, adding: .zettel-notes/patches/16/f2a25c24-a71e-4123-88e1-2d6f5397bcf7.diff
untracked file, adding: .zettel-notes/logs/sync/2024-05-16.log
untracked file, adding: .zettel-notes/patches/31/3e36d2a0-1619-46a5-bebc-9ac33337d53e.diff
untracked file, adding: .zettel-notes/patches/10/c60e5716-6b05-469b-95b6-bac66fd2d6f0.diff
untracked file, adding: .zettel-notes/patches/16/e37992b5-1541-457d-86a1-851b8cbba8b1.diff
untracked file, adding: .zettel-notes/patches/16/9cf0ca10-f20a-4373-a0af-f7229ce7a1c2.diff
untracked file, adding: .zettel-notes/patches/16/f07a5bb5-1ec0-4a46-8045-3edff4a34ba1.diff
untracked file, adding: .zettel-notes/patches/16/fd370f60-50f6-486b-a6a7-4809b5961f63.diff
untracked file, adding: .zettel-notes/patches/13/349cf13d-f003-4435-b1d4-3ab65a52b0e6.diff
untracked file, adding: .zettel-notes/patches/19/0d517d25-724d-4752-920a-40e39113f6f0.diff
untracked file, adding: .zettel-notes/patches/10/a1811f15-1baf-4312-ab76-d7eba2b7d5ea.diff
untracked file, adding: .zettel-notes/patches/6/3777b722-386a-4197-8537-9cb716587f05.diff
untracked file, adding: .zettel-notes/patches/13/29a3feb5-0bfa-4c0c-af24-13e349e7537f.diff
untracked file, adding: .zettel-notes/patches/16/63929d17-1d2c-46be-bed0-7b58bfb098c4.diff
untracked file, adding: .zettel-notes/patches/17/67bfbadd-cb6a-4d57-bdfa-8fa3d86ad773.diff
untracked file, adding: .zettel-notes/patches/6/06c2b427-483f-451d-8f72-aa5ef0f6ca47.diff
untracked file, adding: .zettel-notes/recycle-bin/.info/Primera parte.md.trashinfo
untracked file, adding: .zettel-notes/patches/6/2451f3b6-9706-4769-8c78-d03d99448c8b.diff
untracked file, adding: .zettel-notes/patches/13/544892fb-ae15-4164-b6f9-349a238aa537.diff
untracked file, adding: .zettel-notes/patches/6/89f8e2e8-98fe-4ac0-a2aa-0c5a33750060.diff
untracked file, adding: .zettel-notes/patches/16/759d25fc-8080-443a-987b-a314fc10085d.diff
untracked file, adding: .zettel-notes/patches/16/cd2d16e0-5279-43ad-a7ff-22c1d182e4ba.diff
untracked file, adding: .zettel-notes/patches/16/d6d252d4-3ac0-442b-a1c3-55cafe99a5c4.diff
untracked file, adding: .zettel-notes/logs/sync/2024-12-17.log
untracked file, adding: .zettel-notes/patches/16/ec7208ab-2817-4e71-8f2b-3080ac938b78.diff
untracked file, adding: .zettel-notes/patches/16/626ad6e4-8a5c-446f-844f-dedd0632f98f.diff
untracked file, adding: .zettel-notes/patches/31/97d64f93-387f-45d2-a7ec-c051995f8473.diff
untracked file, adding: .zettel-notes/patches/13/90564fc3-366b-4069-acfa-cf1e458e2f88.diff
untracked file, adding: .zettel-notes/patches/6/79a715eb-cca9-4e9f-83fc-814ff4a87ab3.diff
untracked file, adding: .zettel-notes/patches/6/09cf74e5-3fbb-4efc-8a15-91d41409991e.diff
untracked file, adding: .zettel-notes/patches/16/a351628c-c325-4beb-a622-a2c05f90498a.diff
untracked file, adding: .zettel-notes/patches/17/0a5a1d37-2cf6-4277-975f-dccc36ec3dfa.diff
untracked file, adding: .zettel-notes/patches/10/57834c31-8872-4ab9-9139-af6014a52c9b.diff
untracked file, adding: .zettel-notes/patches/10/c1f7693f-9772-4ed9-90cd-792ed0b4455d.diff
untracked file, adding: .zettel-notes/patches/17/786ef366-5227-4d96-96ea-10f6b97eddbd.diff
untracked file, adding: .zettel-notes/patches/16/2df6c6a8-f89c-46fc-b3de-ea890c871c38.diff
untracked file, adding: .zettel-notes/patches/17/d8697209-2fc0-427f-b2e4-fd31d14c72df.diff
untracked file, adding: .zettel-notes/recycle-bin/.info/Primera parte_1.md.trashinfo
untracked file, adding: .zettel-notes/patches/15/7e580f1a-62d5-4a5e-a43f-5d18d93202cd.diff
untracked file, adding: .zettel-notes/patches/16/05acd6bc-cb01-4500-97f9-2410d22a1037.diff
untracked file, adding: .zettel-notes/patches/16/0a310973-5009-40ef-bc58-3ca34901a3e2.diff
untracked file, adding: .zettel-notes/patches/6/91de9f84-61cc-48c0-bc76-bd50e4c0f1ec.diff
untracked file, adding: .zettel-notes/patches/31/5653a127-b9c7-4a5a-8962-1b720b05e0c2.diff
untracked file, adding: .zettel-notes/patches/6/9a1d48e4-003a-4b62-9dd6-d2993fb20594.diff
untracked file, adding: .zettel-notes/patches/17/fcc4cb3d-2020-4520-bc71-2be3ec444d7b.diff
untracked file, adding: .zettel-notes/patches/16/a521a674-8e9e-4129-be87-852a736fb9b9.diff
untracked file, adding: .zettel-notes/patches/31/f38dd09a-3fa7-4750-931c-a05c92ea354e.diff
untracked file, adding: .zettel-notes/patches/6/c546ab5b-86f9-47d5-88b6-dc3c79ed339e.diff
untracked file, adding: .zettel-notes/patches/6/466fe021-2ba5-47b3-9c3c-3573cd843a25.diff
untracked file, adding: .zettel-notes/patches/6/b104665d-d0a8-4350-bb1b-b73cd6ab3255.diff
untracked file, adding: .zettel-notes/patches/17/8e87908f-2aba-4525-8320-a42a45e4e82b.diff
untracked file, adding: .zettel-notes/patches/31/4419c7d2-b456-4f9c-9007-b76317690056.diff
untracked file, adding: .zettel-notes/patches/21/a56f6e52-b30c-4330-8efd-917dc4f157b1.diff
untracked file, adding: .zettel-notes/patches/15/9b30d9ea-4f60-4a46-912c-d7ba7737f937.diff
untracked file, adding: .zettel-notes/patches/16/682b82eb-70c1-4a79-8b9d-a8c869f365f6.diff
untracked file, adding: .zettel-notes/patches/17/efcc272e-e461-4937-9ead-e90452542bd2.diff
untracked file, adding: .zettel-notes/patches/16/a48b34b0-cce3-495a-b233-edbca7d1920f.diff
untracked file, adding: .zettel-notes/patches/16/344f3fca-f399-43a7-ac60-20fa25af1ede.diff
untracked file, adding: .zettel-notes/patches/16/50eb3aba-1796-48ab-9745-f9486dce11af.diff
untracked file, adding: .zettel-notes/patches/16/61e893a6-988a-4261-833f-c3bb18ab6b60.diff
untracked file, adding: .zettel-notes/patches/16/8d67c311-ce55-45bb-964a-8323513b1951.diff
untracked file, adding: .zettel-notes/patches/31/a9fafb53-ff70-4f48-9fd6-3ac509f552ab.diff
untracked file, adding: .zettel-notes/patches/16/8f74e688-8bad-4560-8049-fa1e1f6d9ef1.diff
untracked file, adding: .zettel-notes/patches/16/707e9dfa-79fd-45cb-9913-ea025db41c8c.diff
untracked file, adding: .zettel-notes/patches/17/efbeca06-c502-4c30-847c-41dfd0e3449b.diff
untracked file, adding: .zettel-notes/patches/16/b46e1430-983c-4069-98ba-cea8e538469c.diff

