
==============
20250107020147
==============
untracked file, adding: .zettel-notes/patches/33/5dee1c5b-4114-40e8-9593-b8c93484fbc3.diff
untracked file, adding: .zettel-notes/patches/33/6356f28b-2a64-49ba-b017-bc024490beb1.diff
untracked file, adding: .zettel-notes/patches/33/0b92de4d-57ec-4464-b32e-09400bb32ea2.diff
untracked file, adding: .zettel-notes/patches/33/82c918f7-ac4a-411f-a7b4-0651dd261938.diff
untracked file, adding: .zettel-notes/patches/33/337499df-ea1d-4be7-b480-5255f296126d.diff
untracked file, adding: .zettel-notes/patches/33/9b2e743f-fdcb-4544-a23b-c1f3d9161f47.diff
untracked file, adding: .zettel-notes/patches/33/7a708dd9-fb83-459b-bde4-b8792911f6e5.diff
untracked file, adding: .zettel-notes/patches/33/12086a3c-a72f-4b74-828c-076bbd92bde1.diff
untracked file, adding: .zettel-notes/patches/33/23ad0872-5d18-44b4-98a7-668bfabd6ee8.diff
untracked file, adding: .zettel-notes/patches/33/3ffc111e-73bd-44bf-aaf1-32523c6c7b8b.diff
untracked file, adding: .zettel-notes/patches/33/31e843cb-cd18-445a-b338-d23d2660b709.diff
untracked file, adding: .zettel-notes/patches/33/617d292c-6dc0-4947-95b4-a70de5ad83fe.diff
untracked file, adding: .zettel-notes/patches/33/fca6f9b1-95cd-4a86-9b5c-17dc7c8e9e9c.diff
untracked file, adding: .zettel-notes/patches/33/55bb0108-afd9-453d-ab12-575549c23db2.diff
untracked file, adding: .zettel-notes/patches/33/2a1693b6-7b33-43e2-9249-67b94a1a1b52.diff
untracked file, adding: .zettel-notes/patches/33/aaacaf33-46d0-4fd8-beb9-8849bdadca2a.diff
untracked file, adding: .zettel-notes/patches/33/c88162ec-776b-40e4-bccc-c62b23f8b90d.diff
untracked file, adding: .zettel-notes/patches/33/f0a91e78-8ecb-41d6-9930-2fe731871d0f.diff

